app/build/intermediates/manifest_merge_blame_file/debug/manifest-merger-blame-debug-report.txt
1<?xml version="1.0" encoding="utf-8"?>
2<manifest xmlns:android="http://schemas.android.com/apk/res/android"
3    package="com.example.dam_proyecto_final"
4    android:versionCode="1"
5    android:versionName="1.0" >
6
7    <uses-sdk
8        android:minSdkVersion="29"
8-->src\main\AndroidManifest.xml
9        android:targetSdkVersion="30" />
9-->src\main\AndroidManifest.xml
10
11    <uses-permission android:name="android.permission.INTERNET" />
11-->[com.google.firebase:firebase-auth:21.0.1] AndroidManifest.xml:23:5-67
11-->[com.google.firebase:firebase-auth:21.0.1] AndroidManifest.xml:23:22-64
12    <uses-permission android:name="android.permission.ACCESS_NETWORK_STATE" />
12-->[com.google.firebase:firebase-auth:21.0.1] AndroidManifest.xml:24:5-79
12-->[com.google.firebase:firebase-auth:21.0.1] AndroidManifest.xml:24:22-76
13
14    <application
14-->src\main\AndroidManifest.xml:5:5-26:19
15        android:allowBackup="true"
15-->src\main\AndroidManifest.xml:6:9-35
16        android:appComponentFactory="androidx.core.app.CoreComponentFactory"
16-->[androidx.core:core:1.5.0] AndroidManifest.xml:24:18-86
17        android:debuggable="true"
18        android:extractNativeLibs="false"
19        android:icon="@mipmap/ic_launcher"
19-->src\main\AndroidManifest.xml:7:9-43
20        android:label="@string/app_name"
20-->src\main\AndroidManifest.xml:8:9-41
21        android:roundIcon="@mipmap/ic_launcher_round"
21-->src\main\AndroidManifest.xml:9:9-54
22        android:supportsRtl="true"
22-->src\main\AndroidManifest.xml:10:9-35
23        android:testOnly="true"
24        android:theme="@style/Theme.DAM_Proyecto_final" >
24-->src\main\AndroidManifest.xml:11:9-56
25        <activity
25-->src\main\AndroidManifest.xml:12:9-17:20
26            android:name="com.example.dam_proyecto_final.StartActivity"
26-->src\main\AndroidManifest.xml:13:13-42
27            android:label="@string/title_activity_start"
27-->src\main\AndroidManifest.xml:14:13-57
28            android:theme="@style/Theme.DAM_Proyecto_final.NoActionBar" >
28-->src\main\AndroidManifest.xml:15:13-72
29        </activity>
30        <activity android:name="com.example.dam_proyecto_final.LoginActivity" >
30-->src\main\AndroidManifest.xml:18:9-24:20
30-->src\main\AndroidManifest.xml:18:19-48
31            <intent-filter>
31-->src\main\AndroidManifest.xml:19:13-23:29
32                <action android:name="android.intent.action.MAIN" />
32-->src\main\AndroidManifest.xml:20:17-69
32-->src\main\AndroidManifest.xml:20:25-66
33
34                <category android:name="android.intent.category.LAUNCHER" />
34-->src\main\AndroidManifest.xml:22:17-77
34-->src\main\AndroidManifest.xml:22:27-74
35            </intent-filter>
36        </activity>
37        <activity android:name="com.example.dam_proyecto_final.MainActivity" />
37-->src\main\AndroidManifest.xml:25:9-59
37-->src\main\AndroidManifest.xml:25:19-47
38        <activity
38-->[com.google.firebase:firebase-auth:21.0.1] AndroidManifest.xml:27:9-44:20
39            android:name="com.google.firebase.auth.internal.GenericIdpActivity"
39-->[com.google.firebase:firebase-auth:21.0.1] AndroidManifest.xml:28:13-80
40            android:excludeFromRecents="true"
40-->[com.google.firebase:firebase-auth:21.0.1] AndroidManifest.xml:29:13-46
41            android:exported="true"
41-->[com.google.firebase:firebase-auth:21.0.1] AndroidManifest.xml:30:13-36
42            android:launchMode="singleTask"
42-->[com.google.firebase:firebase-auth:21.0.1] AndroidManifest.xml:31:13-44
43            android:theme="@android:style/Theme.Translucent.NoTitleBar" >
43-->[com.google.firebase:firebase-auth:21.0.1] AndroidManifest.xml:32:13-72
44            <intent-filter>
44-->[com.google.firebase:firebase-auth:21.0.1] AndroidManifest.xml:33:13-43:29
45                <action android:name="android.intent.action.VIEW" />
45-->[com.google.firebase:firebase-auth:21.0.1] AndroidManifest.xml:34:17-69
45-->[com.google.firebase:firebase-auth:21.0.1] AndroidManifest.xml:34:25-66
46
47                <category android:name="android.intent.category.DEFAULT" />
47-->[com.google.firebase:firebase-auth:21.0.1] AndroidManifest.xml:36:17-76
47-->[com.google.firebase:firebase-auth:21.0.1] AndroidManifest.xml:36:27-73
48                <category android:name="android.intent.category.BROWSABLE" />
48-->[com.google.firebase:firebase-auth:21.0.1] AndroidManifest.xml:37:17-78
48-->[com.google.firebase:firebase-auth:21.0.1] AndroidManifest.xml:37:27-75
49
50                <data
50-->[com.google.firebase:firebase-auth:21.0.1] AndroidManifest.xml:39:17-42:51
51                    android:host="firebase.auth"
51-->[com.google.firebase:firebase-auth:21.0.1] AndroidManifest.xml:40:21-49
52                    android:path="/"
52-->[com.google.firebase:firebase-auth:21.0.1] AndroidManifest.xml:41:21-37
53                    android:scheme="genericidp" />
53-->[com.google.firebase:firebase-auth:21.0.1] AndroidManifest.xml:42:21-48
54            </intent-filter>
55        </activity>
56        <activity
56-->[com.google.firebase:firebase-auth:21.0.1] AndroidManifest.xml:45:9-62:20
57            android:name="com.google.firebase.auth.internal.RecaptchaActivity"
57-->[com.google.firebase:firebase-auth:21.0.1] AndroidManifest.xml:46:13-79
58            android:excludeFromRecents="true"
58-->[com.google.firebase:firebase-auth:21.0.1] AndroidManifest.xml:47:13-46
59            android:exported="true"
59-->[com.google.firebase:firebase-auth:21.0.1] AndroidManifest.xml:48:13-36
60            android:launchMode="singleTask"
60-->[com.google.firebase:firebase-auth:21.0.1] AndroidManifest.xml:49:13-44
61            android:theme="@android:style/Theme.Translucent.NoTitleBar" >
61-->[com.google.firebase:firebase-auth:21.0.1] AndroidManifest.xml:50:13-72
62            <intent-filter>
62-->[com.google.firebase:firebase-auth:21.0.1] AndroidManifest.xml:51:13-61:29
63                <action android:name="android.intent.action.VIEW" />
63-->[com.google.firebase:firebase-auth:21.0.1] AndroidManifest.xml:34:17-69
63-->[com.google.firebase:firebase-auth:21.0.1] AndroidManifest.xml:34:25-66
64
65                <category android:name="android.intent.category.DEFAULT" />
65-->[com.google.firebase:firebase-auth:21.0.1] AndroidManifest.xml:36:17-76
65-->[com.google.firebase:firebase-auth:21.0.1] AndroidManifest.xml:36:27-73
66                <category android:name="android.intent.category.BROWSABLE" />
66-->[com.google.firebase:firebase-auth:21.0.1] AndroidManifest.xml:37:17-78
66-->[com.google.firebase:firebase-auth:21.0.1] AndroidManifest.xml:37:27-75
67
68                <data
68-->[com.google.firebase:firebase-auth:21.0.1] AndroidManifest.xml:39:17-42:51
69                    android:host="firebase.auth"
69-->[com.google.firebase:firebase-auth:21.0.1] AndroidManifest.xml:40:21-49
70                    android:path="/"
70-->[com.google.firebase:firebase-auth:21.0.1] AndroidManifest.xml:41:21-37
71                    android:scheme="recaptcha" />
71-->[com.google.firebase:firebase-auth:21.0.1] AndroidManifest.xml:42:21-48
72            </intent-filter>
73        </activity>
74
75        <service
75-->[com.google.firebase:firebase-auth:21.0.1] AndroidManifest.xml:64:9-73:19
76            android:name="com.google.firebase.auth.api.fallback.service.FirebaseAuthFallbackService"
76-->[com.google.firebase:firebase-auth:21.0.1] AndroidManifest.xml:65:13-101
77            android:enabled="true"
77-->[com.google.firebase:firebase-auth:21.0.1] AndroidManifest.xml:66:13-35
78            android:exported="false" >
78-->[com.google.firebase:firebase-auth:21.0.1] AndroidManifest.xml:67:13-37
79            <intent-filter>
79-->[com.google.firebase:firebase-auth:21.0.1] AndroidManifest.xml:68:13-72:29
80                <action android:name="com.google.firebase.auth.api.gms.service.START" />
80-->[com.google.firebase:firebase-auth:21.0.1] AndroidManifest.xml:69:17-89
80-->[com.google.firebase:firebase-auth:21.0.1] AndroidManifest.xml:69:25-86
81
82                <category android:name="android.intent.category.DEFAULT" />
82-->[com.google.firebase:firebase-auth:21.0.1] AndroidManifest.xml:36:17-76
82-->[com.google.firebase:firebase-auth:21.0.1] AndroidManifest.xml:36:27-73
83            </intent-filter>
84        </service>
85        <service
85-->[com.google.firebase:firebase-auth:21.0.1] AndroidManifest.xml:74:9-80:19
86            android:name="com.google.firebase.components.ComponentDiscoveryService"
86-->[com.google.firebase:firebase-auth:21.0.1] AndroidManifest.xml:75:13-84
87            android:directBootAware="true"
87-->[com.google.firebase:firebase-common:20.0.0] AndroidManifest.xml:35:13-43
88            android:exported="false" >
88-->[com.google.firebase:firebase-auth:21.0.1] AndroidManifest.xml:76:13-37
89            <meta-data
89-->[com.google.firebase:firebase-auth:21.0.1] AndroidManifest.xml:77:13-79:85
90                android:name="com.google.firebase.components:com.google.firebase.auth.FirebaseAuthRegistrar"
90-->[com.google.firebase:firebase-auth:21.0.1] AndroidManifest.xml:78:17-109
91                android:value="com.google.firebase.components.ComponentRegistrar" />
91-->[com.google.firebase:firebase-auth:21.0.1] AndroidManifest.xml:79:17-82
92        </service>
93
94        <activity
94-->[com.google.android.gms:play-services-auth:19.2.0] AndroidManifest.xml:23:9-27:75
95            android:name="com.google.android.gms.auth.api.signin.internal.SignInHubActivity"
95-->[com.google.android.gms:play-services-auth:19.2.0] AndroidManifest.xml:24:13-93
96            android:excludeFromRecents="true"
96-->[com.google.android.gms:play-services-auth:19.2.0] AndroidManifest.xml:25:13-46
97            android:exported="false"
97-->[com.google.android.gms:play-services-auth:19.2.0] AndroidManifest.xml:26:13-37
98            android:theme="@android:style/Theme.Translucent.NoTitleBar" />
98-->[com.google.android.gms:play-services-auth:19.2.0] AndroidManifest.xml:27:13-72
99        <!--
100            Service handling Google Sign-In user revocation. For apps that do not integrate with
101            Google Sign-In, this service will never be started.
102        -->
103        <service
103-->[com.google.android.gms:play-services-auth:19.2.0] AndroidManifest.xml:33:9-37:51
104            android:name="com.google.android.gms.auth.api.signin.RevocationBoundService"
104-->[com.google.android.gms:play-services-auth:19.2.0] AndroidManifest.xml:34:13-89
105            android:exported="true"
105-->[com.google.android.gms:play-services-auth:19.2.0] AndroidManifest.xml:35:13-36
106            android:permission="com.google.android.gms.auth.api.signin.permission.REVOCATION_NOTIFICATION"
106-->[com.google.android.gms:play-services-auth:19.2.0] AndroidManifest.xml:36:13-107
107            android:visibleToInstantApps="true" />
107-->[com.google.android.gms:play-services-auth:19.2.0] AndroidManifest.xml:37:13-48
108
109        <provider
109-->[com.google.firebase:firebase-common:20.0.0] AndroidManifest.xml:26:9-31:39
110            android:name="com.google.firebase.provider.FirebaseInitProvider"
110-->[com.google.firebase:firebase-common:20.0.0] AndroidManifest.xml:27:13-77
111            android:authorities="com.example.dam_proyecto_final.firebaseinitprovider"
111-->[com.google.firebase:firebase-common:20.0.0] AndroidManifest.xml:28:13-72
112            android:directBootAware="true"
112-->[com.google.firebase:firebase-common:20.0.0] AndroidManifest.xml:29:13-43
113            android:exported="false"
113-->[com.google.firebase:firebase-common:20.0.0] AndroidManifest.xml:30:13-37
114            android:initOrder="100" />
114-->[com.google.firebase:firebase-common:20.0.0] AndroidManifest.xml:31:13-36
115
116        <activity
116-->[com.google.android.gms:play-services-base:17.5.0] AndroidManifest.xml:23:9-26:75
117            android:name="com.google.android.gms.common.api.GoogleApiActivity"
117-->[com.google.android.gms:play-services-base:17.5.0] AndroidManifest.xml:24:13-79
118            android:exported="false"
118-->[com.google.android.gms:play-services-base:17.5.0] AndroidManifest.xml:25:13-37
119            android:theme="@android:style/Theme.Translucent.NoTitleBar" />
119-->[com.google.android.gms:play-services-base:17.5.0] AndroidManifest.xml:26:13-72
120
121        <meta-data
121-->[com.google.android.gms:play-services-basement:17.5.0] AndroidManifest.xml:23:9-25:69
122            android:name="com.google.android.gms.version"
122-->[com.google.android.gms:play-services-basement:17.5.0] AndroidManifest.xml:24:13-58
123            android:value="@integer/google_play_services_version" />
123-->[com.google.android.gms:play-services-basement:17.5.0] AndroidManifest.xml:25:13-66
124    </application>
125
126</manifest>